2025-01-31 14:12:03.617 | INFO     | utils_logger:<module>:41 - Logging to file: logs\project_log.log
2025-01-31 14:12:03.618 | INFO     | __main__:main:93 - Starting CSV fetch demonstration...
2025-01-31 14:12:03.618 | INFO     | __main__:fetch_csv_file:52 - Fetching CSV data from https://raw.githubusercontent.com/MainakRepositor/Datasets/master/World%20Happiness%20Data/2020.csv...
2025-01-31 14:12:03.842 | INFO     | __main__:write_csv_file:76 - Writing CSV data to example_data\2020_happiness.csv...
2025-01-31 14:12:03.843 | INFO     | __main__:write_csv_file:80 - SUCCESS: CSV data written to example_data\2020_happiness.csv
2025-01-31 14:12:03.845 | INFO     | __main__:fetch_csv_file:56 - SUCCESS: CSV file fetched and saved as 2020_happiness.csv
2025-01-31 14:13:13.697 | INFO     | utils_logger:<module>:41 - Logging to file: logs\project_log.log
2025-01-31 14:13:13.697 | INFO     | __main__:main:93 - Starting Excel fetch demonstration...
2025-01-31 14:13:13.697 | INFO     | __main__:fetch_excel_file:52 - Fetching Excel data from https://raw.githubusercontent.com/denisecase/datafun-03-analytics/main/hosted/Feedback.xlsx...
2025-01-31 14:13:14.202 | INFO     | __main__:write_excel_file:76 - Writing Excel data to example_data\feedback.xlsx...
2025-01-31 14:13:14.202 | INFO     | __main__:write_excel_file:80 - SUCCESS: Excel data written to example_data\feedback.xlsx
2025-01-31 14:13:14.202 | INFO     | __main__:fetch_excel_file:56 - SUCCESS: Excel file fetched and saved as feedback.xlsx
2025-01-31 14:13:52.090 | INFO     | utils_logger:<module>:41 - Logging to file: logs\project_log.log
2025-01-31 14:13:52.090 | INFO     | __main__:main:94 - Starting JSON fetch demonstration...
2025-01-31 14:13:52.090 | INFO     | __main__:fetch_json_file:53 - Fetching JSON data from http://api.open-notify.org/astros.json...
2025-01-31 14:13:52.296 | INFO     | __main__:write_json_file:77 - Writing JSON data to example_data\astros.json...
2025-01-31 14:13:52.297 | INFO     | __main__:write_json_file:81 - SUCCESS: JSON data written to example_data\astros.json
2025-01-31 14:13:52.297 | INFO     | __main__:fetch_json_file:57 - SUCCESS: JSON file fetched and saved as astros.json
2025-01-31 14:14:45.208 | INFO     | utils_logger:<module>:41 - Logging to file: logs\project_log.log
2025-01-31 14:14:45.208 | INFO     | __main__:main:93 - Starting text fetch demonstration...
2025-01-31 14:14:45.208 | INFO     | __main__:fetch_txt_file:52 - Fetching text data from https://raw.githubusercontent.com/denisecase/datafun-03-analytics/main/hosted/romeo.txt...
2025-01-31 14:14:45.756 | INFO     | __main__:write_txt_file:76 - Writing data to example_data\romeo.txt...
2025-01-31 14:14:45.758 | INFO     | __main__:write_txt_file:80 - SUCCESS: Data written to example_data\romeo.txt
2025-01-31 14:14:45.758 | INFO     | __main__:fetch_txt_file:56 - SUCCESS: Text file fetched and saved as romeo.txt
2025-01-31 14:15:39.791 | INFO     | utils_logger:<module>:41 - Logging to file: logs\project_log.log
2025-01-31 14:15:39.791 | INFO     | __main__:<module>:78 - Starting CSV processing...
2025-01-31 14:15:39.793 | INFO     | __main__:process_csv_file:71 - Processed CSV file: example_data\2020_happiness.csv, Statistics saved to: example_processed\happiness_ladder_score_stats.txt
2025-01-31 14:15:39.793 | INFO     | __main__:<module>:80 - CSV processing complete.
2025-01-31 14:16:25.569 | INFO     | utils_logger:<module>:41 - Logging to file: logs\project_log.log
2025-01-31 14:16:25.569 | INFO     | __main__:<module>:61 - Starting Excel processing...
2025-01-31 14:16:25.578 | INFO     | __main__:process_excel_file:54 - Processed Excel file: example_data\feedback.xlsx, Word count saved to: example_processed\excel_feedback_github_count.txt
2025-01-31 14:16:25.578 | INFO     | __main__:<module>:63 - Excel processing complete.
